This is pdfTeX, Version 3.1415926-1.40.10 (MiKTeX 2.8) (preloaded format=pdflatex 2010.5.25)  27 MAY 2010 13:13
entering extended mode
**C:/code/tf2manual/tf2manual.tex
(C:/code/tf2manual/tf2manual.tex
LaTeX2e <2009/09/24>
Babel <v3.8l> and hyphenation patterns for english, dumylang, nohyphenation, ge
rman, ngerman, german-x-2009-06-19, ngerman-x-2009-06-19, french, loaded.
("C:\Program Files (x86)\MiKTeX 2.8\tex\latex\base\article.cls"
Document Class: article 2007/10/19 v1.4h Standard LaTeX document class
("C:\Program Files (x86)\MiKTeX 2.8\tex\latex\base\size12.clo"
File: size12.clo 2007/10/19 v1.4h Standard LaTeX file (size option)
)
\c@part=\count79
\c@section=\count80
\c@subsection=\count81
\c@subsubsection=\count82
\c@paragraph=\count83
\c@subparagraph=\count84
\c@figure=\count85
\c@table=\count86
\abovecaptionskip=\skip41
\belowcaptionskip=\skip42
\bibindent=\dimen102
)
("C:\Program Files (x86)\MiKTeX 2.8\tex\latex\base\inputenc.sty"
Package: inputenc 2008/03/30 v1.1d Input encoding file
\inpenc@prehook=\toks14
\inpenc@posthook=\toks15

("C:\Program Files (x86)\MiKTeX 2.8\tex\latex\base\utf8.def"
File: utf8.def 2008/04/05 v1.1m UTF-8 support for inputenc
Now handling font encoding OML ...
... no UTF-8 mapping file for font encoding OML
Now handling font encoding T1 ...
... processing UTF-8 mapping file for font encoding T1

("C:\Program Files (x86)\MiKTeX 2.8\tex\latex\base\t1enc.dfu"
File: t1enc.dfu 2008/04/05 v1.1m UTF-8 support for inputenc
   defining Unicode char U+00A1 (decimal 161)
   defining Unicode char U+00A3 (decimal 163)
   defining Unicode char U+00AB (decimal 171)
   defining Unicode char U+00BB (decimal 187)
   defining Unicode char U+00BF (decimal 191)
   defining Unicode char U+00C0 (decimal 192)
   defining Unicode char U+00C1 (decimal 193)
   defining Unicode char U+00C2 (decimal 194)
   defining Unicode char U+00C3 (decimal 195)
   defining Unicode char U+00C4 (decimal 196)
   defining Unicode char U+00C5 (decimal 197)
   defining Unicode char U+00C6 (decimal 198)
   defining Unicode char U+00C7 (decimal 199)
   defining Unicode char U+00C8 (decimal 200)
   defining Unicode char U+00C9 (decimal 201)
   defining Unicode char U+00CA (decimal 202)
   defining Unicode char U+00CB (decimal 203)
   defining Unicode char U+00CC (decimal 204)
   defining Unicode char U+00CD (decimal 205)
   defining Unicode char U+00CE (decimal 206)
   defining Unicode char U+00CF (decimal 207)
   defining Unicode char U+00D0 (decimal 208)
   defining Unicode char U+00D1 (decimal 209)
   defining Unicode char U+00D2 (decimal 210)
   defining Unicode char U+00D3 (decimal 211)
   defining Unicode char U+00D4 (decimal 212)
   defining Unicode char U+00D5 (decimal 213)
   defining Unicode char U+00D6 (decimal 214)
   defining Unicode char U+00D8 (decimal 216)
   defining Unicode char U+00D9 (decimal 217)
   defining Unicode char U+00DA (decimal 218)
   defining Unicode char U+00DB (decimal 219)
   defining Unicode char U+00DC (decimal 220)
   defining Unicode char U+00DD (decimal 221)
   defining Unicode char U+00DE (decimal 222)
   defining Unicode char U+00DF (decimal 223)
   defining Unicode char U+00E0 (decimal 224)
   defining Unicode char U+00E1 (decimal 225)
   defining Unicode char U+00E2 (decimal 226)
   defining Unicode char U+00E3 (decimal 227)
   defining Unicode char U+00E4 (decimal 228)
   defining Unicode char U+00E5 (decimal 229)
   defining Unicode char U+00E6 (decimal 230)
   defining Unicode char U+00E7 (decimal 231)
   defining Unicode char U+00E8 (decimal 232)
   defining Unicode char U+00E9 (decimal 233)
   defining Unicode char U+00EA (decimal 234)
   defining Unicode char U+00EB (decimal 235)
   defining Unicode char U+00EC (decimal 236)
   defining Unicode char U+00ED (decimal 237)
   defining Unicode char U+00EE (decimal 238)
   defining Unicode char U+00EF (decimal 239)
   defining Unicode char U+00F0 (decimal 240)
   defining Unicode char U+00F1 (decimal 241)
   defining Unicode char U+00F2 (decimal 242)
   defining Unicode char U+00F3 (decimal 243)
   defining Unicode char U+00F4 (decimal 244)
   defining Unicode char U+00F5 (decimal 245)
   defining Unicode char U+00F6 (decimal 246)
   defining Unicode char U+00F8 (decimal 248)
   defining Unicode char U+00F9 (decimal 249)
   defining Unicode char U+00FA (decimal 250)
   defining Unicode char U+00FB (decimal 251)
   defining Unicode char U+00FC (decimal 252)
   defining Unicode char U+00FD (decimal 253)
   defining Unicode char U+00FE (decimal 254)
   defining Unicode char U+00FF (decimal 255)
   defining Unicode char U+0102 (decimal 258)
   defining Unicode char U+0103 (decimal 259)
   defining Unicode char U+0104 (decimal 260)
   defining Unicode char U+0105 (decimal 261)
   defining Unicode char U+0106 (decimal 262)
   defining Unicode char U+0107 (decimal 263)
   defining Unicode char U+010C (decimal 268)
   defining Unicode char U+010D (decimal 269)
   defining Unicode char U+010E (decimal 270)
   defining Unicode char U+010F (decimal 271)
   defining Unicode char U+0110 (decimal 272)
   defining Unicode char U+0111 (decimal 273)
   defining Unicode char U+0118 (decimal 280)
   defining Unicode char U+0119 (decimal 281)
   defining Unicode char U+011A (decimal 282)
   defining Unicode char U+011B (decimal 283)
   defining Unicode char U+011E (decimal 286)
   defining Unicode char U+011F (decimal 287)
   defining Unicode char U+0130 (decimal 304)
   defining Unicode char U+0131 (decimal 305)
   defining Unicode char U+0132 (decimal 306)
   defining Unicode char U+0133 (decimal 307)
   defining Unicode char U+0139 (decimal 313)
   defining Unicode char U+013A (decimal 314)
   defining Unicode char U+013D (decimal 317)
   defining Unicode char U+013E (decimal 318)
   defining Unicode char U+0141 (decimal 321)
   defining Unicode char U+0142 (decimal 322)
   defining Unicode char U+0143 (decimal 323)
   defining Unicode char U+0144 (decimal 324)
   defining Unicode char U+0147 (decimal 327)
   defining Unicode char U+0148 (decimal 328)
   defining Unicode char U+014A (decimal 330)
   defining Unicode char U+014B (decimal 331)
   defining Unicode char U+0150 (decimal 336)
   defining Unicode char U+0151 (decimal 337)
   defining Unicode char U+0152 (decimal 338)
   defining Unicode char U+0153 (decimal 339)
   defining Unicode char U+0154 (decimal 340)
   defining Unicode char U+0155 (decimal 341)
   defining Unicode char U+0158 (decimal 344)
   defining Unicode char U+0159 (decimal 345)
   defining Unicode char U+015A (decimal 346)
   defining Unicode char U+015B (decimal 347)
   defining Unicode char U+015E (decimal 350)
   defining Unicode char U+015F (decimal 351)
   defining Unicode char U+0160 (decimal 352)
   defining Unicode char U+0161 (decimal 353)
   defining Unicode char U+0162 (decimal 354)
   defining Unicode char U+0163 (decimal 355)
   defining Unicode char U+0164 (decimal 356)
   defining Unicode char U+0165 (decimal 357)
   defining Unicode char U+016E (decimal 366)
   defining Unicode char U+016F (decimal 367)
   defining Unicode char U+0170 (decimal 368)
   defining Unicode char U+0171 (decimal 369)
   defining Unicode char U+0178 (decimal 376)
   defining Unicode char U+0179 (decimal 377)
   defining Unicode char U+017A (decimal 378)
   defining Unicode char U+017B (decimal 379)
   defining Unicode char U+017C (decimal 380)
   defining Unicode char U+017D (decimal 381)
   defining Unicode char U+017E (decimal 382)
   defining Unicode char U+200C (decimal 8204)
   defining Unicode char U+2013 (decimal 8211)
   defining Unicode char U+2014 (decimal 8212)
   defining Unicode char U+2018 (decimal 8216)
   defining Unicode char U+2019 (decimal 8217)
   defining Unicode char U+201A (decimal 8218)
   defining Unicode char U+201C (decimal 8220)
   defining Unicode char U+201D (decimal 8221)
   defining Unicode char U+201E (decimal 8222)
   defining Unicode char U+2030 (decimal 8240)
   defining Unicode char U+2031 (decimal 8241)
   defining Unicode char U+2039 (decimal 8249)
   defining Unicode char U+203A (decimal 8250)
   defining Unicode char U+2423 (decimal 9251)
)
Now handling font encoding OT1 ...
... processing UTF-8 mapping file for font encoding OT1

("C:\Program Files (x86)\MiKTeX 2.8\tex\latex\base\ot1enc.dfu"
File: ot1enc.dfu 2008/04/05 v1.1m UTF-8 support for inputenc
   defining Unicode char U+00A1 (decimal 161)
   defining Unicode char U+00A3 (decimal 163)
   defining Unicode char U+00B8 (decimal 184)
   defining Unicode char U+00BF (decimal 191)
   defining Unicode char U+00C5 (decimal 197)
   defining Unicode char U+00C6 (decimal 198)
   defining Unicode char U+00D8 (decimal 216)
   defining Unicode char U+00DF (decimal 223)
   defining Unicode char U+00E6 (decimal 230)
   defining Unicode char U+00EC (decimal 236)
   defining Unicode char U+00ED (decimal 237)
   defining Unicode char U+00EE (decimal 238)
   defining Unicode char U+00EF (decimal 239)
   defining Unicode char U+00F8 (decimal 248)
   defining Unicode char U+0131 (decimal 305)
   defining Unicode char U+0141 (decimal 321)
   defining Unicode char U+0142 (decimal 322)
   defining Unicode char U+0152 (decimal 338)
   defining Unicode char U+0153 (decimal 339)
   defining Unicode char U+2013 (decimal 8211)
   defining Unicode char U+2014 (decimal 8212)
   defining Unicode char U+2018 (decimal 8216)
   defining Unicode char U+2019 (decimal 8217)
   defining Unicode char U+201C (decimal 8220)
   defining Unicode char U+201D (decimal 8221)
)
Now handling font encoding OMS ...
... processing UTF-8 mapping file for font encoding OMS

("C:\Program Files (x86)\MiKTeX 2.8\tex\latex\base\omsenc.dfu"
File: omsenc.dfu 2008/04/05 v1.1m UTF-8 support for inputenc
   defining Unicode char U+00A7 (decimal 167)
   defining Unicode char U+00B6 (decimal 182)
   defining Unicode char U+00B7 (decimal 183)
   defining Unicode char U+2020 (decimal 8224)
   defining Unicode char U+2021 (decimal 8225)
   defining Unicode char U+2022 (decimal 8226)
)
Now handling font encoding OMX ...
... no UTF-8 mapping file for font encoding OMX
Now handling font encoding U ...
... no UTF-8 mapping file for font encoding U
   defining Unicode char U+00A9 (decimal 169)
   defining Unicode char U+00AA (decimal 170)
   defining Unicode char U+00AE (decimal 174)
   defining Unicode char U+00BA (decimal 186)
   defining Unicode char U+02C6 (decimal 710)
   defining Unicode char U+02DC (decimal 732)
   defining Unicode char U+200C (decimal 8204)
   defining Unicode char U+2026 (decimal 8230)
   defining Unicode char U+2122 (decimal 8482)
   defining Unicode char U+2423 (decimal 9251)
))
("C:\Program Files (x86)\MiKTeX 2.8\tex\latex\ltxmisc\parskip.sty"
Package: parskip 2001/04/09 non-zero parskip adjustments
)
("C:\Program Files (x86)\MiKTeX 2.8\tex\latex\ltxmisc\url.sty"
\Urlmuskip=\muskip10
Package: url 2006/04/12  ver 3.3  Verb mode for urls, etc.
)
("C:\Program Files (x86)\MiKTeX 2.8\tex\latex\hyperref\hyperref.sty"
Package: hyperref 2010/03/30 v6.80u Hypertext links for LaTeX

("C:\Program Files (x86)\MiKTeX 2.8\tex\generic\oberdiek\ltxcmds.sty"
Package: ltxcmds 2010/04/08 v1.5 LaTeX kernel commands for general use (HO)
)
("C:\Program Files (x86)\MiKTeX 2.8\tex\latex\graphics\keyval.sty"
Package: keyval 1999/03/16 v1.13 key=value parser (DPC)
\KV@toks@=\toks16
)
("C:\Program Files (x86)\MiKTeX 2.8\tex\generic\oberdiek\kvsetkeys.sty"
Package: kvsetkeys 2010/03/01 v1.9 Key value parser (HO)

("C:\Program Files (x86)\MiKTeX 2.8\tex\generic\oberdiek\infwarerr.sty"
Package: infwarerr 2010/04/08 v1.3 Providing info/warning/message (HO)
)
("C:\Program Files (x86)\MiKTeX 2.8\tex\generic\oberdiek\etexcmds.sty"
Package: etexcmds 2010/01/28 v1.3 Prefix for e-TeX command names (HO)
Package etexcmds Info: Could not find \expanded.
(etexcmds)             That can mean that you are not using pdfTeX 1.50 or
(etexcmds)             that some package has redefined \expanded.
(etexcmds)             In the latter case, load this package earlier.
))
("C:\Program Files (x86)\MiKTeX 2.8\tex\generic\oberdiek\pdfescape.sty"
Package: pdfescape 2010/03/01 v1.9 Provides hex, PDF name and string conversion
s (HO)

("C:\Program Files (x86)\MiKTeX 2.8\tex\generic\oberdiek\pdftexcmds.sty"
Package: pdftexcmds 2010/04/01 v0.9 Utility functions of pdfTeX for LuaTeX (HO)


("C:\Program Files (x86)\MiKTeX 2.8\tex\generic\oberdiek\ifluatex.sty"
Package: ifluatex 2010/03/01 v1.3 Provides the ifluatex switch (HO)
Package ifluatex Info: LuaTeX not detected.
)
Package pdftexcmds Info: LuaTeX not detected.
Package pdftexcmds Info: \pdf@primitive is available.
Package pdftexcmds Info: \pdf@ifprimitive is available.
))
("C:\Program Files (x86)\MiKTeX 2.8\tex\generic\oberdiek\ifpdf.sty"
Package: ifpdf 2010/01/28 v2.1 Provides the ifpdf switch (HO)
Package ifpdf Info: pdfTeX in pdf mode detected.
)
("C:\Program Files (x86)\MiKTeX 2.8\tex\generic\oberdiek\ifvtex.sty"
Package: ifvtex 2010/03/01 v1.5 Switches for detecting VTeX and its modes (HO)
Package ifvtex Info: VTeX not detected.
)
("C:\Program Files (x86)\MiKTeX 2.8\tex\latex\ifxetex\ifxetex.sty"
Package: ifxetex 2009/01/23 v0.5 Provides ifxetex conditional
)
("C:\Program Files (x86)\MiKTeX 2.8\tex\latex\oberdiek\hycolor.sty"
Package: hycolor 2009/12/12 v1.6 Color options of hyperref/bookmark (HO)

("C:\Program Files (x86)\MiKTeX 2.8\tex\latex\oberdiek\xcolor-patch.sty"
Package: xcolor-patch 2009/12/12 xcolor patch
))
("C:\Program Files (x86)\MiKTeX 2.8\tex\latex\oberdiek\letltxmacro.sty"
Package: letltxmacro 2008/06/24 v1.3 Let assignment for LaTeX macros (HO)
)
\@linkdim=\dimen103
\Hy@linkcounter=\count87
\Hy@pagecounter=\count88

("C:\Program Files (x86)\MiKTeX 2.8\tex\latex\hyperref\pd1enc.def"
File: pd1enc.def 2010/03/30 v6.80u Hyperref: PDFDocEncoding definition (HO)
Now handling font encoding PD1 ...
... no UTF-8 mapping file for font encoding PD1
)
("C:\Program Files (x86)\MiKTeX 2.8\tex\generic\oberdiek\intcalc.sty"
Package: intcalc 2007/09/27 v1.1 Expandable integer calculations (HO)
)
("C:\Program Files (x86)\MiKTeX 2.8\tex\latex\00miktex\hyperref.cfg"
File: hyperref.cfg 2002/06/06 v1.2 hyperref configuration of TeXLive
)
("C:\Program Files (x86)\MiKTeX 2.8\tex\latex\oberdiek\kvoptions.sty"
Package: kvoptions 2010/02/22 v3.7 Keyval support for LaTeX options (HO)
)
Package hyperref Info: Hyper figures OFF on input line 3609.
Package hyperref Info: Link nesting OFF on input line 3614.
Package hyperref Info: Hyper index ON on input line 3617.
Package hyperref Info: Plain pages OFF on input line 3624.
Package hyperref Info: Backreferencing OFF on input line 3629.

Implicit mode ON; LaTeX internals redefined
Package hyperref Info: Bookmarks ON on input line 3825.
LaTeX Info: Redefining \url on input line 4105.
("C:\Program Files (x86)\MiKTeX 2.8\tex\generic\oberdiek\bitset.sty"
Package: bitset 2007/09/28 v1.0 Data type bit set (HO)

("C:\Program Files (x86)\MiKTeX 2.8\tex\generic\oberdiek\bigintcalc.sty"
Package: bigintcalc 2007/11/11 v1.1 Expandable big integer calculations (HO)
))
\Fld@menulength=\count89
\Field@Width=\dimen104
\Fld@charsize=\dimen105
\Field@toks=\toks17
Package hyperref Info: Hyper figures OFF on input line 5083.
Package hyperref Info: Link nesting OFF on input line 5088.
Package hyperref Info: Hyper index ON on input line 5091.
Package hyperref Info: backreferencing OFF on input line 5098.
Package hyperref Info: Link coloring OFF on input line 5103.
Package hyperref Info: Link coloring with OCG OFF on input line 5108.
Package hyperref Info: PDF/A mode OFF on input line 5113.
LaTeX Info: Redefining \ref on input line 5153.
LaTeX Info: Redefining \pageref on input line 5157.

("C:\Program Files (x86)\MiKTeX 2.8\tex\generic\oberdiek\atbegshi.sty"
Package: atbegshi 2010/03/25 v1.12 At begin shipout hook (HO)
)
\Hy@abspage=\count90
\c@Item=\count91
\c@Hfootnote=\count92
)
* hyperref using default driver hpdftex *
("C:\Program Files (x86)\MiKTeX 2.8\tex\latex\hyperref\hpdftex.def"
File: hpdftex.def 2010/03/30 v6.80u Hyperref driver for pdfTeX

("C:\Program Files (x86)\MiKTeX 2.8\tex\latex\oberdiek\atveryend.sty"
Package: atveryend 2010/03/24 v1.5 Hooks at very end of document (HO)
Package atveryend Info: \enddocument detected (standard).
)
\Fld@listcount=\count93
\c@bookmark@seq@number=\count94

("C:\Program Files (x86)\MiKTeX 2.8\tex\latex\oberdiek\rerunfilecheck.sty"
Package: rerunfilecheck 2010/03/16 v1.6 Rerun checks for auxiliary files (HO)

("C:\Program Files (x86)\MiKTeX 2.8\tex\generic\oberdiek\uniquecounter.sty"
Package: uniquecounter 2009/12/18 v1.1 Provides unlimited unique counter (HO)
)
Package uniquecounter Info: New unique counter `rerunfilecheck' on input line 2
71.
)
\Hy@SectionHShift=\skip43
)
("C:\Program Files (x86)\MiKTeX 2.8\tex\latex\tools\multicol.sty"
Package: multicol 2008/12/05 v1.6h multicolumn formatting (FMi)
\c@tracingmulticols=\count95
\mult@box=\box26
\multicol@leftmargin=\dimen106
\c@unbalance=\count96
\c@collectmore=\count97
\doublecol@number=\count98
\multicoltolerance=\count99
\multicolpretolerance=\count100
\full@width=\dimen107
\page@free=\dimen108
\premulticols=\dimen109
\postmulticols=\dimen110
\multicolsep=\skip44
\multicolbaselineskip=\skip45
\partial@page=\box27
\last@line=\box28
\mult@rightbox=\box29
\mult@grightbox=\box30
\mult@gfirstbox=\box31
\mult@firstbox=\box32
\@tempa=\box33
\@tempa=\box34
\@tempa=\box35
\@tempa=\box36
\@tempa=\box37
\@tempa=\box38
\@tempa=\box39
\@tempa=\box40
\@tempa=\box41
\@tempa=\box42
\@tempa=\box43
\@tempa=\box44
\@tempa=\box45
\@tempa=\box46
\@tempa=\box47
\@tempa=\box48
\@tempa=\box49
\c@columnbadness=\count101
\c@finalcolumnbadness=\count102
\last@try=\dimen111
\multicolovershoot=\dimen112
\multicolundershoot=\dimen113
\mult@nat@firstbox=\box50
\colbreak@box=\box51
)
("C:\Program Files (x86)\MiKTeX 2.8\tex\latex\geometry\geometry.sty"
Package: geometry 2010/03/13 v5.3 Page Geometry
\Gm@cnth=\count103
\Gm@cntv=\count104
\c@Gm@tempcnt=\count105
\Gm@bindingoffset=\dimen114
\Gm@wd@mp=\dimen115
\Gm@odd@mp=\dimen116
\Gm@even@mp=\dimen117
\Gm@layoutwidth=\dimen118
\Gm@layoutheight=\dimen119
\Gm@layouthoffset=\dimen120
\Gm@layoutvoffset=\dimen121
\Gm@dimlist=\toks18

("C:\Program Files (x86)\MiKTeX 2.8\tex\latex\geometry\geometry.cfg"))
(C:\code\tf2manual\tf2manual.aux)
LaTeX Font Info:    Checking defaults for OML/cmm/m/it on input line 15.
LaTeX Font Info:    ... okay on input line 15.
LaTeX Font Info:    Checking defaults for T1/cmr/m/n on input line 15.
LaTeX Font Info:    ... okay on input line 15.
LaTeX Font Info:    Checking defaults for OT1/cmr/m/n on input line 15.
LaTeX Font Info:    ... okay on input line 15.
LaTeX Font Info:    Checking defaults for OMS/cmsy/m/n on input line 15.
LaTeX Font Info:    ... okay on input line 15.
LaTeX Font Info:    Checking defaults for OMX/cmex/m/n on input line 15.
LaTeX Font Info:    ... okay on input line 15.
LaTeX Font Info:    Checking defaults for U/cmr/m/n on input line 15.
LaTeX Font Info:    ... okay on input line 15.
LaTeX Font Info:    Checking defaults for PD1/pdf/m/n on input line 15.
LaTeX Font Info:    ... okay on input line 15.
\AtBeginShipoutBox=\box52
Package hyperref Info: Link coloring OFF on input line 15.

("C:\Program Files (x86)\MiKTeX 2.8\tex\latex\hyperref\nameref.sty"
Package: nameref 2010/01/25 v2.36 Cross-referencing by name of section

("C:\Program Files (x86)\MiKTeX 2.8\tex\latex\oberdiek\refcount.sty"
Package: refcount 2008/08/11 v3.1 Data extraction from references (HO)
)
("C:\Program Files (x86)\MiKTeX 2.8\tex\generic\oberdiek\gettitlestring.sty"
Package: gettitlestring 2009/12/18 v1.3 Cleanup title references (HO)
)
\c@section@level=\count106
)
LaTeX Info: Redefining \ref on input line 15.
LaTeX Info: Redefining \pageref on input line 15.

(C:\code\tf2manual\tf2manual.out) (C:\code\tf2manual\tf2manual.out)
\@outlinefile=\write3

*geometry* driver: auto-detecting
*geometry* detected driver: pdftex
*geometry* verbose mode - [ preamble ] result:
* driver: pdftex
* paper: letterpaper
* layout: letterpaper
* switch(es): 
* h-part:(L,W,R)=(85.35826pt, 443.57848pt, 85.35826pt)
* v-part:(T,H,B)=(85.35826pt, 624.25346pt, 85.35826pt)
* \paperwidth=614.295pt
* \paperheight=794.96999pt
* \textwidth=443.57848pt
* \textheight=624.25346pt
* \oddsidemargin=13.08827pt
* \evensidemargin=13.08827pt
* \topmargin=-23.91173pt
* \headheight=12.0pt
* \headsep=25.0pt
* \footskip=30.0pt
* \marginparwidth=44.0pt
* \marginparsep=10.0pt
* \columnsep=10.0pt
* \skip\footins=10.8pt plus 4.0pt minus 2.0pt
* \hoffset=0.0pt
* \voffset=0.0pt
* \mag=1000
* \@twocolumnfalse
* \@twosidefalse
* \@mparswitchfalse
* \@reversemarginfalse
* (1in=72.27pt, 1cm=28.453pt)

LaTeX Font Info:    External font `cmex10' loaded for size
(Font)              <14.4> on input line 18.
LaTeX Font Info:    External font `cmex10' loaded for size
(Font)              <7> on input line 18.
[1

{C:/Users/charlesj/AppData/Local/MiKTeX/2.8/pdftex/config/pdftex.map}]
(C:\code\tf2manual\tf2manual.toc
LaTeX Font Info:    External font `cmex10' loaded for size
(Font)              <12> on input line 3.
LaTeX Font Info:    External font `cmex10' loaded for size
(Font)              <8> on input line 3.
LaTeX Font Info:    External font `cmex10' loaded for size
(Font)              <6> on input line 3.
 [1])
\tf@toc=\write4
 [2] (C:\code\tf2manual\introduction.tex
LaTeX Font Info:    Try loading font information for OMS+cmr on input line 7.

("C:\Program Files (x86)\MiKTeX 2.8\tex\latex\base\omscmr.fd"
File: omscmr.fd 1999/05/25 v2.5h Standard LaTeX font definitions
)
LaTeX Font Info:    Font shape `OMS/cmr/m/n' in size <12> not available
(Font)              Font shape `OMS/cmsy/m/n' tried instead on input line 7.
)pdfTeX warning (ext4): destination with the same identifier (name{page.1}) has
 been already used, duplicate ignored
<to be read again> 
                   \relax 
l.33 \newpage
              [1] (C:\code\tf2manual\general_instructions.tex [2] [3] [4]
Overfull \hbox (13.4316pt too wide) in paragraph at lines 105--106
\OT1/cmr/m/n/12 Medics may []Ubercharge more than one per-son. Medics con-tinue
 heal-ing while []Ubercharged
 []

[5] [6]) [7] (C:\code\tf2manual\battlefields.tex [8] [9]) [10]
(C:\code\tf2manual\classes.tex [11] (C:\code\tf2manual\scout.tex [12]) [13]
(C:\code\tf2manual\soldier.tex [14]) [15] (C:\code\tf2manual\pyro.tex [16])
[17] (C:\code\tf2manual\demo.tex [18]) [19] (C:\code\tf2manual\heavy.tex)
[20] (C:\code\tf2manual\engineer.tex [21]) [22] (C:\code\tf2manual\medic.tex
[23]) [24] (C:\code\tf2manual\sniper.tex [25]) [26] (C:\code\tf2manual\spy.tex
[27]) [28] (C:\code\tf2manual\sandvich.tex)) [29]
(C:\code\tf2manual\teamstrategy.tex [30]) [31]
(C:\code\tf2manual\combatant_presentation.tex) [32]
(C:\code\tf2manual\appendices.tex (C:\code\tf2manual\console.tex) [33]
(C:\code\tf2manual\launch_options.tex) [34]
(C:\code\tf2manual\configuration.tex) [35] (C:\code\tf2manual\bots.tex)
[36] (C:\code\tf2manual\maps.tex) [37]
(C:\code\tf2manual\additional_battlefields.tex) [38]
(C:\code\tf2manual\screenshots.tex
Underfull \hbox (badness 10000) in paragraph at lines 27--28

 []

[39]) [40] (C:\code\tf2manual\glossary.tex [41])) [42]
(C:\code\tf2manual\notes_credits.tex)
Package atveryend Info: Empty hook `BeforeClearDocument' on input line 54.
 [43]
Package atveryend Info: Empty hook `AfterLastShipout' on input line 54.
 (C:\code\tf2manual\tf2manual.aux)
Package atveryend Info: Executing hook `AtVeryEndDocument' on input line 54.
Package rerunfilecheck Info: File `tf2manual.out' has not changed.
(rerunfilecheck)             Checksum: 35AF5F64424FD9730954D7E29CB22EA8;4041.
 ) 
Here is how much of TeX's memory you used:
 4879 strings out of 495285
 74066 string characters out of 3179869
 151268 words of memory out of 3000000
 7834 multiletter control sequences out of 15000+200000
 9329 words of font info for 33 fonts, out of 3000000 for 9000
 14 hyphenation exceptions out of 8191
 31i,7n,28p,1363b,358s stack positions out of 5000i,500n,10000p,200000b,50000s
<C:/Program Files (x86)/MiKTeX 2.8/fonts/type1/public/amsfonts/cm/cmbx12.pfb>
<C:/Program Files (x86)/MiKTeX 2.8/fonts/type1/public/amsfonts/cm/cmr12.pfb><C:
/Program Files (x86)/MiKTeX 2.8/fonts/type1/public/amsfonts/cm/cmr17.pfb><C:/Pr
ogram Files (x86)/MiKTeX 2.8/fonts/type1/public/amsfonts/cm/cmsl12.pfb><C:/Prog
ram Files (x86)/MiKTeX 2.8/fonts/type1/public/amsfonts/cm/cmsy10.pfb><C:/Progra
m Files (x86)/MiKTeX 2.8/fonts/type1/public/amsfonts/cm/cmtt12.pfb>
Output written on tf2manual.pdf (46 pages, 219925 bytes).
PDF statistics:
 551 PDF objects out of 1000 (max. 8388607)
 108 named destinations out of 1000 (max. 500000)
 465 words of extra memory for PDF output out of 10000 (max. 10000000)

