\BOOKMARK [1][-]{section.1}{Introduction}{}
\BOOKMARK [1][-]{section.2}{General Instructions}{}
\BOOKMARK [2][-]{subsection.2.1}{Keyboard Controls}{section.2}
\BOOKMARK [2][-]{subsection.2.2}{Spawn Points \046 Spawning}{section.2}
\BOOKMARK [2][-]{subsection.2.3}{Selecting a Class}{section.2}
\BOOKMARK [2][-]{subsection.2.4}{Maintaining Health}{section.2}
\BOOKMARK [2][-]{subsection.2.5}{Maintaining Ammunition}{section.2}
\BOOKMARK [2][-]{subsection.2.6}{Weapon Drops}{section.2}
\BOOKMARK [2][-]{subsection.2.7}{Changing Loadout}{section.2}
\BOOKMARK [2][-]{subsection.2.8}{Critical Hits}{section.2}
\BOOKMARK [2][-]{subsection.2.9}{Mini-Crits}{section.2}
\BOOKMARK [2][-]{subsection.2.10}{\334bercharge}{section.2}
\BOOKMARK [3][-]{subsubsection.2.10.1}{Standard \334bercharge}{subsection.2.10}
\BOOKMARK [3][-]{subsubsection.2.10.2}{Kritz \334bercharge}{subsection.2.10}
\BOOKMARK [3][-]{subsubsection.2.10.3}{Reacting to an Enemy \334bercharge or Kritzkrieg}{subsection.2.10}
\BOOKMARK [3][-]{subsubsection.2.10.4}{\334bercharging Multiple People}{subsection.2.10}
\BOOKMARK [3][-]{subsubsection.2.10.5}{\334bercharged Combatants}{subsection.2.10}
\BOOKMARK [3][-]{subsubsection.2.10.6}{Deploying an \334bercharge}{subsection.2.10}
\BOOKMARK [1][-]{section.3}{Battlefields}{}
\BOOKMARK [2][-]{subsection.3.1}{Arena \(arena\137*\)}{section.3}
\BOOKMARK [2][-]{subsection.3.2}{Control Points \(cp\137*\)}{section.3}
\BOOKMARK [3][-]{subsubsection.3.2.1}{Attack/defend}{subsection.3.2}
\BOOKMARK [3][-]{subsubsection.3.2.2}{Five Control Point Push}{subsection.3.2}
\BOOKMARK [2][-]{subsection.3.3}{Capture the Flag \(ctf\137*\)}{section.3}
\BOOKMARK [2][-]{subsection.3.4}{King of the Hill \(koth\137*\)}{section.3}
\BOOKMARK [2][-]{subsection.3.5}{Payload \(pl\137*\)}{section.3}
\BOOKMARK [2][-]{subsection.3.6}{Payload Race \(plr\137*\)}{section.3}
\BOOKMARK [2][-]{subsection.3.7}{Territory Control \(tc\137*\)}{section.3}
\BOOKMARK [2][-]{subsection.3.8}{Additional Battlefields}{section.3}
\BOOKMARK [1][-]{section.4}{Classes}{}
\BOOKMARK [2][-]{subsection.4.1}{Scout}{section.4}
\BOOKMARK [3][-]{subsubsection.4.1.1}{Weapons}{subsection.4.1}
\BOOKMARK [3][-]{subsubsection.4.1.2}{Tactics}{subsection.4.1}
\BOOKMARK [2][-]{subsection.4.2}{Soldier}{section.4}
\BOOKMARK [2][-]{subsection.4.3}{Pyro}{section.4}
\BOOKMARK [2][-]{subsection.4.4}{Demoman}{section.4}
\BOOKMARK [2][-]{subsection.4.5}{Heavy}{section.4}
\BOOKMARK [2][-]{subsection.4.6}{Engineer}{section.4}
\BOOKMARK [2][-]{subsection.4.7}{Medic}{section.4}
\BOOKMARK [2][-]{subsection.4.8}{Sniper}{section.4}
\BOOKMARK [2][-]{subsection.4.9}{Spy}{section.4}
\BOOKMARK [2][-]{subsection.4.10}{Sandvich}{section.4}
\BOOKMARK [1][-]{section.5}{Team Strategy}{}
\BOOKMARK [2][-]{subsection.5.1}{Communication Guidelines}{section.5}
\BOOKMARK [2][-]{subsection.5.2}{Engineer-related Etiquette}{section.5}
\BOOKMARK [2][-]{subsection.5.3}{Other Information}{section.5}
\BOOKMARK [1][-]{section.6}{Combatant Presentation}{}
\BOOKMARK [2][-]{subsection.6.1}{Crafting}{section.6}
\BOOKMARK [2][-]{subsection.6.2}{Taunts}{section.6}
\BOOKMARK [2][-]{subsection.6.3}{Achievements}{section.6}
\BOOKMARK [1][-]{section.7}{Appendices}{}
\BOOKMARK [2][-]{subsection.7.1}{Appendix A - Console}{section.7}
\BOOKMARK [2][-]{subsection.7.2}{Appendix B - Launch Options}{section.7}
\BOOKMARK [2][-]{subsection.7.3}{Appendix C - Configuration Files}{section.7}
\BOOKMARK [2][-]{subsection.7.4}{Appendix D - Bots}{section.7}
\BOOKMARK [2][-]{subsection.7.5}{Appendix E - Map Installation}{section.7}
\BOOKMARK [2][-]{subsection.7.6}{Appendix F - Additional Battlefields}{section.7}
\BOOKMARK [2][-]{subsection.7.7}{Appendix G - Screenshots and Demo Recording}{section.7}
\BOOKMARK [2][-]{subsection.7.8}{Appendix H - Glossary and Jargon}{section.7}
\BOOKMARK [2][-]{subsection.7.9}{Appendix I - Additional Notes and Credits}{section.7}
